c:\users\carlos simon\onedrive\documents\c++ projects\flappy_bat\bin\intermediates\x64\debug\vc143.pdb
c:\users\carlos simon\onedrive\documents\c++ projects\flappy_bat\bin\intermediates\x64\debug\vc143.idb
c:\users\carlos simon\onedrive\documents\c++ projects\flappy_bat\bin\intermediates\x64\debug\text.obj
c:\users\carlos simon\onedrive\documents\c++ projects\flappy_bat\bin\intermediates\x64\debug\pipe.obj
c:\users\carlos simon\onedrive\documents\c++ projects\flappy_bat\bin\intermediates\x64\debug\olcconsolegameengineoop.obj
c:\users\carlos simon\onedrive\documents\c++ projects\flappy_bat\bin\intermediates\x64\debug\object.obj
c:\users\carlos simon\onedrive\documents\c++ projects\flappy_bat\bin\intermediates\x64\debug\main.obj
c:\users\carlos simon\onedrive\documents\c++ projects\flappy_bat\bin\intermediates\x64\debug\flappy_bat.obj
c:\users\carlos simon\onedrive\documents\c++ projects\flappy_bat\bin\intermediates\x64\debug\bat.obj
c:\users\carlos simon\onedrive\documents\c++ projects\flappy_bat\bin\intermediates\x64\debug\background.obj
c:\users\carlos simon\onedrive\documents\c++ projects\flappy_bat\bin\x64\debug\flappy_bat.exe
c:\users\carlos simon\onedrive\documents\c++ projects\flappy_bat\bin\intermediates\x64\debug\flappy_bat.ilk
c:\users\carlos simon\onedrive\documents\c++ projects\flappy_bat\bin\x64\debug\flappy_bat.pdb
c:\users\carlos simon\onedrive\documents\c++ projects\flappy_bat\bin\intermediates\x64\debug\flappy_bat.vcxproj.filelistabsolute.txt
c:\users\carlos simon\onedrive\documents\c++ projects\flappy_bat\bin\intermediates\x64\debug\flappy_bat.tlog\cl.command.1.tlog
c:\users\carlos simon\onedrive\documents\c++ projects\flappy_bat\bin\intermediates\x64\debug\flappy_bat.tlog\cl.read.1.tlog
c:\users\carlos simon\onedrive\documents\c++ projects\flappy_bat\bin\intermediates\x64\debug\flappy_bat.tlog\cl.write.1.tlog
c:\users\carlos simon\onedrive\documents\c++ projects\flappy_bat\bin\intermediates\x64\debug\flappy_bat.tlog\link.command.1.tlog
c:\users\carlos simon\onedrive\documents\c++ projects\flappy_bat\bin\intermediates\x64\debug\flappy_bat.tlog\link.read.1.tlog
c:\users\carlos simon\onedrive\documents\c++ projects\flappy_bat\bin\intermediates\x64\debug\flappy_bat.tlog\link.write.1.tlog
